<?xml version="1.0" encoding="UTF-8"?>
<!-- Generated by org.testng.reporters.JUnitReportReporter -->
<testsuite hostname="LAPTOP-99DLTKV0" failures="0" tests="1" name="TestScripts.ApplicableLoginTest" time="4.478" errors="0" timestamp="2022-08-04T19:41:07 EDT" skipped="0">
  <testcase classname="TestScripts.ApplicableLoginTest" name="m1" time="4.478"/>
  <system-out/>
</testsuite> <!-- TestScripts.ApplicableLoginTest -->
