<?xml version="1.0" encoding="UTF-8"?>
<!-- Generated by org.testng.reporters.JUnitReportReporter -->
<testsuite skipped="0" hostname="LAPTOP-99DLTKV0" name="TestScripts.ApplicableLoginTest" tests="1" failures="0" timestamp="2022-08-09T16:40:32 EDT" time="6.712" errors="0">
  <testcase name="m1" time="6.712" classname="TestScripts.ApplicableLoginTest"/>
  <system-out/>
</testsuite> <!-- TestScripts.ApplicableLoginTest -->
